Using pre-set license

 COMMAND LINE ARGUMENTS:
/Applications/Unity/Hub/Editor/2020.3.10f1c1/Unity.app/Contents/MacOS/Unity
-adb2
-batchMode
-noUpm
-name
AssetImportWorker0
-projectPath
/Users/toyqiu/Documents/WorkSpace/UnityProjects/AppBuilder
-logFile
Logs/AssetImportWorker0.log
-srvPort
64710
Successfully changed project path to: /Users/toyqiu/Documents/WorkSpace/UnityProjects/AppBuilder
/Users/toyqiu/Documents/WorkSpace/UnityProjects/AppBuilder
Using Asset Import Pipeline V2.
Refreshing native plugins compatible for Editor in 22.96 ms, found 1 plugins.
Preloading 0 native plugins for Editor in 0.00 ms.
Initialize engine version: 2020.3.10f1c1 (65978a05d4e9)
[Subsystems] Discovering subsystems at path /Applications/Unity/Hub/Editor/2020.3.10f1c1/Unity.app/Contents/Resources/UnitySubsystems
[Subsystems] Discovering subsystems at path /Users/toyqiu/Documents/WorkSpace/UnityProjects/AppBuilder/Assets
GfxDevice: creating device client; threaded=0
2021-12-13 16:26:14.877 Unity[48490:1704668] Color LCD preferred device: AMD Radeon Pro 5300M (high power)
2021-12-13 16:26:14.877 Unity[48490:1704668] Metal devices available: 2
2021-12-13 16:26:14.877 Unity[48490:1704668] 0: AMD Radeon Pro 5300M (high power)
2021-12-13 16:26:14.877 Unity[48490:1704668] 1: Intel(R) UHD Graphics 630 (low power)
2021-12-13 16:26:14.877 Unity[48490:1704668] Using device AMD Radeon Pro 5300M (high power)
Initializing Metal device caps: AMD Radeon Pro 5300M
Initialize mono
Mono path[0] = '/Applications/Unity/Hub/Editor/2020.3.10f1c1/Unity.app/Contents/Managed'
Mono path[1] = '/Applications/Unity/Hub/Editor/2020.3.10f1c1/Unity.app/Contents/MonoBleedingEdge/lib/mono/unityjit'
Mono config path = '/Applications/Unity/Hub/Editor/2020.3.10f1c1/Unity.app/Contents/MonoBleedingEdge/etc'
Using monoOptions --debugger-agent=transport=dt_socket,embedding=1,server=y,suspend=n,address=127.0.0.1:56490
Begin MonoManager ReloadAssembly
Registering precompiled unity dll's ...
Register platform support module: /Applications/Unity/Hub/Editor/2020.3.10f1c1/Unity.app/Contents/PlaybackEngines/MacStandaloneSupport/UnityEditor.OSXStandalone.Extensions.dll
Registered in 0.002698 seconds.
Native extension for OSXStandalone target not found
Refreshing native plugins compatible for Editor in 19.05 ms, found 1 plugins.
Preloading 0 native plugins for Editor in 0.00 ms.
Mono: successfully reloaded assembly
- Completed reload, in  2.808 seconds
Platform modules already initialized, skipping
Registering precompiled user dll's ...
Registered in 0.001096 seconds.
Begin MonoManager ReloadAssembly
Native extension for OSXStandalone target not found
Refreshing native plugins compatible for Editor in 0.24 ms, found 1 plugins.
Preloading 0 native plugins for Editor in 0.00 ms.
Mono: successfully reloaded assembly
- Completed reload, in  0.803 seconds
Platform modules already initialized, skipping
========================================================================
Worker process is ready to serve import requests
Launching external process: /Applications/Unity/Hub/Editor/2020.3.10f1c1/Unity.app/Contents/Tools/UnityShaderCompiler
Launched and connected shader compiler UnityShaderCompiler after 0.02 seconds
Refreshing native plugins compatible for Editor in 0.16 ms, found 1 plugins.
Preloading 0 native plugins for Editor in 0.00 ms.
Unloading 996 Unused Serialized files (Serialized files now loaded: 0)
System memory in use before: 138.1 MB.
System memory in use after: 138.1 MB.

Unloading 10 unused Assets to reduce memory usage. Loaded Objects now: 1437.
Total: 1.794047 ms (FindLiveObjects: 0.123089 ms CreateObjectMapping: 0.031470 ms MarkObjects: 1.547056 ms  DeleteObjects: 0.091686 ms)

========================================================================
Received Import Request.
  path: Assets/Editor
  artifactKey: Guid(33450fd2933e541378e33cfe6ad7c672) Importer(815301076,1909f56bfc062723c751e8b465ee728b)
Start importing Assets/Editor using Guid(33450fd2933e541378e33cfe6ad7c672) Importer(815301076,1909f56bfc062723c751e8b465ee728b)  -> (artifact id: 'be2f0e2f9d02a6aab92853f6601d3da6') in 0.005292 seconds
  Import took 0.007847 seconds .

========================================================================
Received Import Request.
  Time since last request: 9.472072 seconds.
  path: Assets/Editor/AppBuilder
  artifactKey: Guid(234ce09f0963846d7a934031e1806ee4) Importer(815301076,1909f56bfc062723c751e8b465ee728b)
Start importing Assets/Editor/AppBuilder using Guid(234ce09f0963846d7a934031e1806ee4) Importer(815301076,1909f56bfc062723c751e8b465ee728b)  -> (artifact id: '50097b4b5b83e3cfa37575c6332650c7') in 0.001894 seconds
  Import took 0.003756 seconds .

========================================================================
Received Import Request.
  Time since last request: 19.317928 seconds.
  path: Assets/Editor/AppBuilder/AppBuilder.cs
  artifactKey: Guid(93770aa3edbfb4393aa1e478b1db58ec) Importer(815301076,1909f56bfc062723c751e8b465ee728b)
Start importing Assets/Editor/AppBuilder/AppBuilder.cs using Guid(93770aa3edbfb4393aa1e478b1db58ec) Importer(815301076,1909f56bfc062723c751e8b465ee728b)  -> (artifact id: '9f008f8286654f6a462a59342b2eae03') in 0.305922 seconds
  Import took 0.307810 seconds .

========================================================================
Received Prepare
Registering precompiled user dll's ...
Registered in 0.000333 seconds.
Begin MonoManager ReloadAssembly
Native extension for OSXStandalone target not found
Refreshing native plugins compatible for Editor in 0.16 ms, found 1 plugins.
Preloading 0 native plugins for Editor in 0.00 ms.
Mono: successfully reloaded assembly
- Completed reload, in  0.747 seconds
Platform modules already initialized, skipping
Refreshing native plugins compatible for Editor in 0.15 ms, found 1 plugins.
Preloading 0 native plugins for Editor in 0.00 ms.
Unloading 992 Unused Serialized files (Serialized files now loaded: 0)
System memory in use before: 142.5 MB.
System memory in use after: 142.5 MB.

Unloading 5 unused Assets to reduce memory usage. Loaded Objects now: 1440.
Total: 1.169376 ms (FindLiveObjects: 0.105189 ms CreateObjectMapping: 0.024774 ms MarkObjects: 1.000529 ms  DeleteObjects: 0.038106 ms)

